
Configuration of ExaGeoStat:
        BUILDNAME ...........: 
        SITE ................: 
 
        Compiler: C .........: /Applications/Xcode.app/Contents/Developer/Toolchains/XcodeDefault.xctoolchain/usr/bin/cc (AppleClang)
        Compiler: Fortran ...:  ()
        Linker: .............: /Applications/Xcode.app/Contents/Developer/Toolchains/XcodeDefault.xctoolchain/usr/bin/ld
 
        Build type ..........: Release
        Build shared ........: ON
        CFlags ..............: 
        LDFlags .............: 
 
        Implementation paradigm
        CUDA ................: 
        MPI .................: OFF
 
        Runtime specific
        QUARK ...............: OFF
        PARSEC ..............: 
        StarPU ..............: 1
 
        Kernels specific
        BLAS ................: Intel MKL
        LAPACK...............: Intel MKL
 
        EXAGEOSTAT dependencies :
                                  nlopt
                                  m
                                  hicma
                                  chameleon
                                  starsh
                                  starpu-1.2
                                  chameleon_starpu
                                  hqr
                                  coreblas
                                  hwloc
                                  -L/opt/intel/compilers_and_libraries_2019.3.199/mac/mkl/lib
                                  -Wl,-rpath,/opt/intel/compilers_and_libraries_2019.3.199/mac/mkl/lib
                                  -lmkl_intel_lp64
                                  -lmkl_sequential
                                  -lmkl_core
                                  -lpthread
                                  -lm
                                  -ldl
                                  /Library/Frameworks/R.framework/Versions/4.0/Resources/library/00LOCK-exageostatR/00new/exageostatr/lib/libgsl.dylib
                                  /Library/Frameworks/R.framework/Versions/4.0/Resources/library/00LOCK-exageostatR/00new/exageostatr/lib/libgslcblas.dylib
                                  /usr/lib/libm.dylib
 
        Definitions: VERSION=1.0.0 CBLAS_HAS_ZGEMM3M CBLAS_HAS_CGEMM3M EXAGEOSTAT_USE_HICMA
 
        INSTALL_PREFIX ......: /usr/local

