Determining if the function CHEEV_ exists failed with the following output:
Change Dir: /Users/liy0h/exageostatR/CMakeFiles/CMakeTmp

Run Build Command:"/usr/bin/make" "cmTC_e8583/fast"
make -f CMakeFiles/cmTC_e8583.dir/build.make CMakeFiles/cmTC_e8583.dir/build
Building C object CMakeFiles/cmTC_e8583.dir/CheckFunctionExists.c.o
/Applications/Xcode.app/Contents/Developer/Toolchains/XcodeDefault.xctoolchain/usr/bin/cc   -DCHECK_FUNCTION_EXISTS=CHEEV_ -isysroot /Applications/Xcode.app/Contents/Developer/Platforms/MacOSX.platform/Developer/SDKs/MacOSX10.14.sdk   -o CMakeFiles/cmTC_e8583.dir/CheckFunctionExists.c.o   -c /usr/local/share/cmake-3.10/Modules/CheckFunctionExists.c
Linking C executable cmTC_e8583
/usr/local/bin/cmake -E cmake_link_script CMakeFiles/cmTC_e8583.dir/link.txt --verbose=1
/Applications/Xcode.app/Contents/Developer/Toolchains/XcodeDefault.xctoolchain/usr/bin/cc  -DCHECK_FUNCTION_EXISTS=CHEEV_ -isysroot /Applications/Xcode.app/Contents/Developer/Platforms/MacOSX.platform/Developer/SDKs/MacOSX10.14.sdk -Wl,-search_paths_first -Wl,-headerpad_max_install_names   CMakeFiles/cmTC_e8583.dir/CheckFunctionExists.c.o  -o cmTC_e8583 -L/opt/intel/compilers_and_libraries_2019.3.199/mac/mkl/lib -Wl,-rpath,/opt/intel/compilers_and_libraries_2019.3.199/mac/mkl/lib -lmkl_intel_lp64 -lmkl_sequential -lmkl_core -lpthread -lm -ldl 
Undefined symbols for architecture x86_64:
  "_CHEEV_", referenced from:
      _main in CheckFunctionExists.c.o
ld: symbol(s) not found for architecture x86_64
clang: error: linker command failed with exit code 1 (use -v to see invocation)
make[1]: *** [cmTC_e8583] Error 1
make: *** [cmTC_e8583/fast] Error 2


Determining if the function hwloc_bitmap_free exists in the hwloc failed with the following output:
Change Dir: /Users/liy0h/exageostatR/CMakeFiles/CMakeTmp

Run Build Command:"/usr/bin/make" "cmTC_a3d01/fast"
make -f CMakeFiles/cmTC_a3d01.dir/build.make CMakeFiles/cmTC_a3d01.dir/build
Building C object CMakeFiles/cmTC_a3d01.dir/CheckFunctionExists.c.o
/Applications/Xcode.app/Contents/Developer/Toolchains/XcodeDefault.xctoolchain/usr/bin/cc   -DCHECK_FUNCTION_EXISTS=hwloc_bitmap_free -isysroot /Applications/Xcode.app/Contents/Developer/Platforms/MacOSX.platform/Developer/SDKs/MacOSX10.14.sdk   -o CMakeFiles/cmTC_a3d01.dir/CheckFunctionExists.c.o   -c /usr/local/share/cmake-3.10/Modules/CheckFunctionExists.c
Linking C executable cmTC_a3d01
/usr/local/bin/cmake -E cmake_link_script CMakeFiles/cmTC_a3d01.dir/link.txt --verbose=1
/Applications/Xcode.app/Contents/Developer/Toolchains/XcodeDefault.xctoolchain/usr/bin/cc  -DCHECK_FUNCTION_EXISTS=hwloc_bitmap_free -isysroot /Applications/Xcode.app/Contents/Developer/Platforms/MacOSX.platform/Developer/SDKs/MacOSX10.14.sdk -Wl,-search_paths_first -Wl,-headerpad_max_install_names   CMakeFiles/cmTC_a3d01.dir/CheckFunctionExists.c.o  -o cmTC_a3d01 -lhwloc 
ld: library not found for -lhwloc
clang: error: linker command failed with exit code 1 (use -v to see invocation)
make[1]: *** [cmTC_a3d01] Error 1
make: *** [cmTC_a3d01/fast] Error 2


