The system is: Darwin - 18.7.0 - x86_64
Compiling the C compiler identification source file "CMakeCCompilerId.c" succeeded.
Compiler: /Applications/Xcode.app/Contents/Developer/Toolchains/XcodeDefault.xctoolchain/usr/bin/cc 
Build flags: 
Id flags:  

The output was:
0


Compilation of the C compiler identification source "CMakeCCompilerId.c" produced "a.out"

The C compiler identification is AppleClang, found in "/Users/liy0h/exageostatR/CMakeFiles/3.10.0-rc3/CompilerIdC/a.out"

Determining if the C compiler works passed with the following output:
Change Dir: /Users/liy0h/exageostatR/CMakeFiles/CMakeTmp

Run Build Command:"/usr/bin/make" "cmTC_b25e0/fast"
make -f CMakeFiles/cmTC_b25e0.dir/build.make CMakeFiles/cmTC_b25e0.dir/build
Building C object CMakeFiles/cmTC_b25e0.dir/testCCompiler.c.o
/Applications/Xcode.app/Contents/Developer/Toolchains/XcodeDefault.xctoolchain/usr/bin/cc   -isysroot /Applications/Xcode.app/Contents/Developer/Platforms/MacOSX.platform/Developer/SDKs/MacOSX10.14.sdk   -o CMakeFiles/cmTC_b25e0.dir/testCCompiler.c.o   -c /Users/liy0h/exageostatR/CMakeFiles/CMakeTmp/testCCompiler.c
Linking C executable cmTC_b25e0
/usr/local/bin/cmake -E cmake_link_script CMakeFiles/cmTC_b25e0.dir/link.txt --verbose=1
/Applications/Xcode.app/Contents/Developer/Toolchains/XcodeDefault.xctoolchain/usr/bin/cc   -isysroot /Applications/Xcode.app/Contents/Developer/Platforms/MacOSX.platform/Developer/SDKs/MacOSX10.14.sdk -Wl,-search_paths_first -Wl,-headerpad_max_install_names   CMakeFiles/cmTC_b25e0.dir/testCCompiler.c.o  -o cmTC_b25e0 


Detecting C compiler ABI info compiled with the following output:
Change Dir: /Users/liy0h/exageostatR/CMakeFiles/CMakeTmp

Run Build Command:"/usr/bin/make" "cmTC_84f78/fast"
make -f CMakeFiles/cmTC_84f78.dir/build.make CMakeFiles/cmTC_84f78.dir/build
Building C object CMakeFiles/cmTC_84f78.dir/CMakeCCompilerABI.c.o
/Applications/Xcode.app/Contents/Developer/Toolchains/XcodeDefault.xctoolchain/usr/bin/cc   -isysroot /Applications/Xcode.app/Contents/Developer/Platforms/MacOSX.platform/Developer/SDKs/MacOSX10.14.sdk   -o CMakeFiles/cmTC_84f78.dir/CMakeCCompilerABI.c.o   -c /usr/local/share/cmake-3.10/Modules/CMakeCCompilerABI.c
Linking C executable cmTC_84f78
/usr/local/bin/cmake -E cmake_link_script CMakeFiles/cmTC_84f78.dir/link.txt --verbose=1
/Applications/Xcode.app/Contents/Developer/Toolchains/XcodeDefault.xctoolchain/usr/bin/cc   -isysroot /Applications/Xcode.app/Contents/Developer/Platforms/MacOSX.platform/Developer/SDKs/MacOSX10.14.sdk -Wl,-search_paths_first -Wl,-headerpad_max_install_names  -v -Wl,-v CMakeFiles/cmTC_84f78.dir/CMakeCCompilerABI.c.o  -o cmTC_84f78 
Apple LLVM version 10.0.0 (clang-1000.11.45.2)
Target: x86_64-apple-darwin18.7.0
Thread model: posix
InstalledDir: /Applications/Xcode.app/Contents/Developer/Toolchains/XcodeDefault.xctoolchain/usr/bin
 "/Applications/Xcode.app/Contents/Developer/Toolchains/XcodeDefault.xctoolchain/usr/bin/ld" -demangle -lto_library /Applications/Xcode.app/Contents/Developer/Toolchains/XcodeDefault.xctoolchain/usr/lib/libLTO.dylib -dynamic -arch x86_64 -macosx_version_min 10.14.0 -syslibroot /Applications/Xcode.app/Contents/Developer/Platforms/MacOSX.platform/Developer/SDKs/MacOSX10.14.sdk -o cmTC_84f78 -search_paths_first -headerpad_max_install_names -v CMakeFiles/cmTC_84f78.dir/CMakeCCompilerABI.c.o -L/opt/intel/compilers_and_libraries_2019.3.199/mac/tbb/lib -L/opt/intel/compilers_and_libraries_2019.3.199/mac/compiler/lib -L/opt/intel/compilers_and_libraries_2019.3.199/mac/mkl/lib -lSystem /Applications/Xcode.app/Contents/Developer/Toolchains/XcodeDefault.xctoolchain/usr/lib/clang/10.0.0/lib/darwin/libclang_rt.osx.a
@(#)PROGRAM:ld  PROJECT:ld64-409.12
BUILD 02:04:28 Aug 14 2018
configured to support archs: armv6 armv7 armv7s arm64 i386 x86_64 x86_64h armv6m armv7k armv7m armv7em arm64e arm64_32
Library search paths:
	/opt/intel/compilers_and_libraries_2019.3.199/mac/tbb/lib
	/opt/intel/compilers_and_libraries_2019.3.199/mac/compiler/lib
	/opt/intel/compilers_and_libraries_2019.3.199/mac/mkl/lib
	/Applications/Xcode.app/Contents/Developer/Platforms/MacOSX.platform/Developer/SDKs/MacOSX10.14.sdk/usr/lib
Framework search paths:
	/Applications/Xcode.app/Contents/Developer/Platforms/MacOSX.platform/Developer/SDKs/MacOSX10.14.sdk/System/Library/Frameworks/


Parsed C implicit link information from above output:
  link line regex: [^( *|.*[/\])(ld|CMAKE_LINK_STARTFILE-NOTFOUND|([^/\]+-)?ld|collect2)[^/\]*( |$)]
  ignore line: [Change Dir: /Users/liy0h/exageostatR/CMakeFiles/CMakeTmp]
  ignore line: []
  ignore line: [Run Build Command:"/usr/bin/make" "cmTC_84f78/fast"]
  ignore line: [make -f CMakeFiles/cmTC_84f78.dir/build.make CMakeFiles/cmTC_84f78.dir/build]
  ignore line: [Building C object CMakeFiles/cmTC_84f78.dir/CMakeCCompilerABI.c.o]
  ignore line: [/Applications/Xcode.app/Contents/Developer/Toolchains/XcodeDefault.xctoolchain/usr/bin/cc   -isysroot /Applications/Xcode.app/Contents/Developer/Platforms/MacOSX.platform/Developer/SDKs/MacOSX10.14.sdk   -o CMakeFiles/cmTC_84f78.dir/CMakeCCompilerABI.c.o   -c /usr/local/share/cmake-3.10/Modules/CMakeCCompilerABI.c]
  ignore line: [Linking C executable cmTC_84f78]
  ignore line: [/usr/local/bin/cmake -E cmake_link_script CMakeFiles/cmTC_84f78.dir/link.txt --verbose=1]
  ignore line: [/Applications/Xcode.app/Contents/Developer/Toolchains/XcodeDefault.xctoolchain/usr/bin/cc   -isysroot /Applications/Xcode.app/Contents/Developer/Platforms/MacOSX.platform/Developer/SDKs/MacOSX10.14.sdk -Wl,-search_paths_first -Wl,-headerpad_max_install_names  -v -Wl,-v CMakeFiles/cmTC_84f78.dir/CMakeCCompilerABI.c.o  -o cmTC_84f78 ]
  ignore line: [Apple LLVM version 10.0.0 (clang-1000.11.45.2)]
  ignore line: [Target: x86_64-apple-darwin18.7.0]
  ignore line: [Thread model: posix]
  ignore line: [InstalledDir: /Applications/Xcode.app/Contents/Developer/Toolchains/XcodeDefault.xctoolchain/usr/bin]
  link line: [ "/Applications/Xcode.app/Contents/Developer/Toolchains/XcodeDefault.xctoolchain/usr/bin/ld" -demangle -lto_library /Applications/Xcode.app/Contents/Developer/Toolchains/XcodeDefault.xctoolchain/usr/lib/libLTO.dylib -dynamic -arch x86_64 -macosx_version_min 10.14.0 -syslibroot /Applications/Xcode.app/Contents/Developer/Platforms/MacOSX.platform/Developer/SDKs/MacOSX10.14.sdk -o cmTC_84f78 -search_paths_first -headerpad_max_install_names -v CMakeFiles/cmTC_84f78.dir/CMakeCCompilerABI.c.o -L/opt/intel/compilers_and_libraries_2019.3.199/mac/tbb/lib -L/opt/intel/compilers_and_libraries_2019.3.199/mac/compiler/lib -L/opt/intel/compilers_and_libraries_2019.3.199/mac/mkl/lib -lSystem /Applications/Xcode.app/Contents/Developer/Toolchains/XcodeDefault.xctoolchain/usr/lib/clang/10.0.0/lib/darwin/libclang_rt.osx.a]
    arg [/Applications/Xcode.app/Contents/Developer/Toolchains/XcodeDefault.xctoolchain/usr/bin/ld] ==> ignore
    arg [-demangle] ==> ignore
    arg [-lto_library] ==> ignore, skip following value
    arg [/Applications/Xcode.app/Contents/Developer/Toolchains/XcodeDefault.xctoolchain/usr/lib/libLTO.dylib] ==> skip value of -lto_library
    arg [-dynamic] ==> ignore
    arg [-arch] ==> ignore
    arg [x86_64] ==> ignore
    arg [-macosx_version_min] ==> ignore
    arg [10.14.0] ==> ignore
    arg [-syslibroot] ==> ignore
    arg [/Applications/Xcode.app/Contents/Developer/Platforms/MacOSX.platform/Developer/SDKs/MacOSX10.14.sdk] ==> ignore
    arg [-o] ==> ignore
    arg [cmTC_84f78] ==> ignore
    arg [-search_paths_first] ==> ignore
    arg [-headerpad_max_install_names] ==> ignore
    arg [-v] ==> ignore
    arg [CMakeFiles/cmTC_84f78.dir/CMakeCCompilerABI.c.o] ==> ignore
    arg [-L/opt/intel/compilers_and_libraries_2019.3.199/mac/tbb/lib] ==> dir [/opt/intel/compilers_and_libraries_2019.3.199/mac/tbb/lib]
    arg [-L/opt/intel/compilers_and_libraries_2019.3.199/mac/compiler/lib] ==> dir [/opt/intel/compilers_and_libraries_2019.3.199/mac/compiler/lib]
    arg [-L/opt/intel/compilers_and_libraries_2019.3.199/mac/mkl/lib] ==> dir [/opt/intel/compilers_and_libraries_2019.3.199/mac/mkl/lib]
    arg [-lSystem] ==> lib [System]
    arg [/Applications/Xcode.app/Contents/Developer/Toolchains/XcodeDefault.xctoolchain/usr/lib/clang/10.0.0/lib/darwin/libclang_rt.osx.a] ==> lib [/Applications/Xcode.app/Contents/Developer/Toolchains/XcodeDefault.xctoolchain/usr/lib/clang/10.0.0/lib/darwin/libclang_rt.osx.a]
  Library search paths: [;/opt/intel/compilers_and_libraries_2019.3.199/mac/tbb/lib;/opt/intel/compilers_and_libraries_2019.3.199/mac/compiler/lib;/opt/intel/compilers_and_libraries_2019.3.199/mac/mkl/lib;/Applications/Xcode.app/Contents/Developer/Platforms/MacOSX.platform/Developer/SDKs/MacOSX10.14.sdk/usr/lib]
  Framework search paths: [;/Applications/Xcode.app/Contents/Developer/Platforms/MacOSX.platform/Developer/SDKs/MacOSX10.14.sdk/System/Library/Frameworks/]
  remove lib [System]
  remove lib [/Applications/Xcode.app/Contents/Developer/Toolchains/XcodeDefault.xctoolchain/usr/lib/clang/10.0.0/lib/darwin/libclang_rt.osx.a]
  collapse library dir [/opt/intel/compilers_and_libraries_2019.3.199/mac/tbb/lib] ==> [/opt/intel/compilers_and_libraries_2019.3.199/mac/tbb/lib]
  collapse library dir [/opt/intel/compilers_and_libraries_2019.3.199/mac/compiler/lib] ==> [/opt/intel/compilers_and_libraries_2019.3.199/mac/compiler/lib]
  collapse library dir [/opt/intel/compilers_and_libraries_2019.3.199/mac/mkl/lib] ==> [/opt/intel/compilers_and_libraries_2019.3.199/mac/mkl/lib]
  collapse library dir [/opt/intel/compilers_and_libraries_2019.3.199/mac/tbb/lib] ==> [/opt/intel/compilers_and_libraries_2019.3.199/mac/tbb/lib]
  collapse library dir [/opt/intel/compilers_and_libraries_2019.3.199/mac/compiler/lib] ==> [/opt/intel/compilers_and_libraries_2019.3.199/mac/compiler/lib]
  collapse library dir [/opt/intel/compilers_and_libraries_2019.3.199/mac/mkl/lib] ==> [/opt/intel/compilers_and_libraries_2019.3.199/mac/mkl/lib]
  collapse library dir [/Applications/Xcode.app/Contents/Developer/Platforms/MacOSX.platform/Developer/SDKs/MacOSX10.14.sdk/usr/lib] ==> [/Applications/Xcode.app/Contents/Developer/Platforms/MacOSX.platform/Developer/SDKs/MacOSX10.14.sdk/usr/lib]
  collapse framework dir [/Applications/Xcode.app/Contents/Developer/Platforms/MacOSX.platform/Developer/SDKs/MacOSX10.14.sdk/System/Library/Frameworks/] ==> [/Applications/Xcode.app/Contents/Developer/Platforms/MacOSX.platform/Developer/SDKs/MacOSX10.14.sdk/System/Library/Frameworks]
  implicit libs: []
  implicit dirs: [/opt/intel/compilers_and_libraries_2019.3.199/mac/tbb/lib;/opt/intel/compilers_and_libraries_2019.3.199/mac/compiler/lib;/opt/intel/compilers_and_libraries_2019.3.199/mac/mkl/lib;/Applications/Xcode.app/Contents/Developer/Platforms/MacOSX.platform/Developer/SDKs/MacOSX10.14.sdk/usr/lib]
  implicit fwks: [/Applications/Xcode.app/Contents/Developer/Platforms/MacOSX.platform/Developer/SDKs/MacOSX10.14.sdk/System/Library/Frameworks]




Detecting C [-std=c11] compiler features compiled with the following output:
Change Dir: /Users/liy0h/exageostatR/CMakeFiles/CMakeTmp

Run Build Command:"/usr/bin/make" "cmTC_eb9e2/fast"
make -f CMakeFiles/cmTC_eb9e2.dir/build.make CMakeFiles/cmTC_eb9e2.dir/build
Building C object CMakeFiles/cmTC_eb9e2.dir/feature_tests.c.o
/Applications/Xcode.app/Contents/Developer/Toolchains/XcodeDefault.xctoolchain/usr/bin/cc   -isysroot /Applications/Xcode.app/Contents/Developer/Platforms/MacOSX.platform/Developer/SDKs/MacOSX10.14.sdk   -std=c11 -o CMakeFiles/cmTC_eb9e2.dir/feature_tests.c.o   -c /Users/liy0h/exageostatR/CMakeFiles/feature_tests.c
Linking C executable cmTC_eb9e2
/usr/local/bin/cmake -E cmake_link_script CMakeFiles/cmTC_eb9e2.dir/link.txt --verbose=1
/Applications/Xcode.app/Contents/Developer/Toolchains/XcodeDefault.xctoolchain/usr/bin/cc   -isysroot /Applications/Xcode.app/Contents/Developer/Platforms/MacOSX.platform/Developer/SDKs/MacOSX10.14.sdk -Wl,-search_paths_first -Wl,-headerpad_max_install_names   CMakeFiles/cmTC_eb9e2.dir/feature_tests.c.o  -o cmTC_eb9e2 


    Feature record: C_FEATURE:1c_function_prototypes
    Feature record: C_FEATURE:1c_restrict
    Feature record: C_FEATURE:1c_static_assert
    Feature record: C_FEATURE:1c_variadic_macros


Detecting C [-std=c99] compiler features compiled with the following output:
Change Dir: /Users/liy0h/exageostatR/CMakeFiles/CMakeTmp

Run Build Command:"/usr/bin/make" "cmTC_9ebc1/fast"
make -f CMakeFiles/cmTC_9ebc1.dir/build.make CMakeFiles/cmTC_9ebc1.dir/build
Building C object CMakeFiles/cmTC_9ebc1.dir/feature_tests.c.o
/Applications/Xcode.app/Contents/Developer/Toolchains/XcodeDefault.xctoolchain/usr/bin/cc   -isysroot /Applications/Xcode.app/Contents/Developer/Platforms/MacOSX.platform/Developer/SDKs/MacOSX10.14.sdk   -std=c99 -o CMakeFiles/cmTC_9ebc1.dir/feature_tests.c.o   -c /Users/liy0h/exageostatR/CMakeFiles/feature_tests.c
Linking C executable cmTC_9ebc1
/usr/local/bin/cmake -E cmake_link_script CMakeFiles/cmTC_9ebc1.dir/link.txt --verbose=1
/Applications/Xcode.app/Contents/Developer/Toolchains/XcodeDefault.xctoolchain/usr/bin/cc   -isysroot /Applications/Xcode.app/Contents/Developer/Platforms/MacOSX.platform/Developer/SDKs/MacOSX10.14.sdk -Wl,-search_paths_first -Wl,-headerpad_max_install_names   CMakeFiles/cmTC_9ebc1.dir/feature_tests.c.o  -o cmTC_9ebc1 


    Feature record: C_FEATURE:1c_function_prototypes
    Feature record: C_FEATURE:1c_restrict
    Feature record: C_FEATURE:0c_static_assert
    Feature record: C_FEATURE:1c_variadic_macros


Detecting C [-std=c90] compiler features compiled with the following output:
Change Dir: /Users/liy0h/exageostatR/CMakeFiles/CMakeTmp

Run Build Command:"/usr/bin/make" "cmTC_f32e0/fast"
make -f CMakeFiles/cmTC_f32e0.dir/build.make CMakeFiles/cmTC_f32e0.dir/build
Building C object CMakeFiles/cmTC_f32e0.dir/feature_tests.c.o
/Applications/Xcode.app/Contents/Developer/Toolchains/XcodeDefault.xctoolchain/usr/bin/cc   -isysroot /Applications/Xcode.app/Contents/Developer/Platforms/MacOSX.platform/Developer/SDKs/MacOSX10.14.sdk   -std=c90 -o CMakeFiles/cmTC_f32e0.dir/feature_tests.c.o   -c /Users/liy0h/exageostatR/CMakeFiles/feature_tests.c
Linking C executable cmTC_f32e0
/usr/local/bin/cmake -E cmake_link_script CMakeFiles/cmTC_f32e0.dir/link.txt --verbose=1
/Applications/Xcode.app/Contents/Developer/Toolchains/XcodeDefault.xctoolchain/usr/bin/cc   -isysroot /Applications/Xcode.app/Contents/Developer/Platforms/MacOSX.platform/Developer/SDKs/MacOSX10.14.sdk -Wl,-search_paths_first -Wl,-headerpad_max_install_names   CMakeFiles/cmTC_f32e0.dir/feature_tests.c.o  -o cmTC_f32e0 


    Feature record: C_FEATURE:1c_function_prototypes
    Feature record: C_FEATURE:0c_restrict
    Feature record: C_FEATURE:0c_static_assert
    Feature record: C_FEATURE:0c_variadic_macros
Determining if the include file pthread.h exists passed with the following output:
Change Dir: /Users/liy0h/exageostatR/CMakeFiles/CMakeTmp

Run Build Command:"/usr/bin/make" "cmTC_3ecf9/fast"
make -f CMakeFiles/cmTC_3ecf9.dir/build.make CMakeFiles/cmTC_3ecf9.dir/build
Building C object CMakeFiles/cmTC_3ecf9.dir/CheckIncludeFile.c.o
/Applications/Xcode.app/Contents/Developer/Toolchains/XcodeDefault.xctoolchain/usr/bin/cc   -isysroot /Applications/Xcode.app/Contents/Developer/Platforms/MacOSX.platform/Developer/SDKs/MacOSX10.14.sdk   -o CMakeFiles/cmTC_3ecf9.dir/CheckIncludeFile.c.o   -c /Users/liy0h/exageostatR/CMakeFiles/CMakeTmp/CheckIncludeFile.c
Linking C executable cmTC_3ecf9
/usr/local/bin/cmake -E cmake_link_script CMakeFiles/cmTC_3ecf9.dir/link.txt --verbose=1
/Applications/Xcode.app/Contents/Developer/Toolchains/XcodeDefault.xctoolchain/usr/bin/cc   -isysroot /Applications/Xcode.app/Contents/Developer/Platforms/MacOSX.platform/Developer/SDKs/MacOSX10.14.sdk -Wl,-search_paths_first -Wl,-headerpad_max_install_names   CMakeFiles/cmTC_3ecf9.dir/CheckIncludeFile.c.o  -o cmTC_3ecf9 


Determining if the pthread_create exist passed with the following output:
Change Dir: /Users/liy0h/exageostatR/CMakeFiles/CMakeTmp

Run Build Command:"/usr/bin/make" "cmTC_8ecb9/fast"
make -f CMakeFiles/cmTC_8ecb9.dir/build.make CMakeFiles/cmTC_8ecb9.dir/build
Building C object CMakeFiles/cmTC_8ecb9.dir/CheckSymbolExists.c.o
/Applications/Xcode.app/Contents/Developer/Toolchains/XcodeDefault.xctoolchain/usr/bin/cc   -isysroot /Applications/Xcode.app/Contents/Developer/Platforms/MacOSX.platform/Developer/SDKs/MacOSX10.14.sdk   -o CMakeFiles/cmTC_8ecb9.dir/CheckSymbolExists.c.o   -c /Users/liy0h/exageostatR/CMakeFiles/CMakeTmp/CheckSymbolExists.c
Linking C executable cmTC_8ecb9
/usr/local/bin/cmake -E cmake_link_script CMakeFiles/cmTC_8ecb9.dir/link.txt --verbose=1
/Applications/Xcode.app/Contents/Developer/Toolchains/XcodeDefault.xctoolchain/usr/bin/cc   -isysroot /Applications/Xcode.app/Contents/Developer/Platforms/MacOSX.platform/Developer/SDKs/MacOSX10.14.sdk -Wl,-search_paths_first -Wl,-headerpad_max_install_names   CMakeFiles/cmTC_8ecb9.dir/CheckSymbolExists.c.o  -o cmTC_8ecb9 

File /Users/liy0h/exageostatR/CMakeFiles/CMakeTmp/CheckSymbolExists.c:
/* */
#include <pthread.h>

int main(int argc, char** argv)
{
  (void)argv;
#ifndef pthread_create
  return ((int*)(&pthread_create))[argc];
#else
  (void)argc;
  return 0;
#endif
}

Determining if the function cblas_dscal exists passed with the following output:
Change Dir: /Users/liy0h/exageostatR/CMakeFiles/CMakeTmp

Run Build Command:"/usr/bin/make" "cmTC_09bd6/fast"
make -f CMakeFiles/cmTC_09bd6.dir/build.make CMakeFiles/cmTC_09bd6.dir/build
Building C object CMakeFiles/cmTC_09bd6.dir/CheckFunctionExists.c.o
/Applications/Xcode.app/Contents/Developer/Toolchains/XcodeDefault.xctoolchain/usr/bin/cc   -DCHECK_FUNCTION_EXISTS=cblas_dscal -isysroot /Applications/Xcode.app/Contents/Developer/Platforms/MacOSX.platform/Developer/SDKs/MacOSX10.14.sdk   -o CMakeFiles/cmTC_09bd6.dir/CheckFunctionExists.c.o   -c /usr/local/share/cmake-3.10/Modules/CheckFunctionExists.c
Linking C executable cmTC_09bd6
/usr/local/bin/cmake -E cmake_link_script CMakeFiles/cmTC_09bd6.dir/link.txt --verbose=1
/Applications/Xcode.app/Contents/Developer/Toolchains/XcodeDefault.xctoolchain/usr/bin/cc  -DCHECK_FUNCTION_EXISTS=cblas_dscal -isysroot /Applications/Xcode.app/Contents/Developer/Platforms/MacOSX.platform/Developer/SDKs/MacOSX10.14.sdk -Wl,-search_paths_first -Wl,-headerpad_max_install_names   CMakeFiles/cmTC_09bd6.dir/CheckFunctionExists.c.o  -o cmTC_09bd6 -L/opt/intel/compilers_and_libraries_2019.3.199/mac/mkl/lib -Wl,-rpath,/opt/intel/compilers_and_libraries_2019.3.199/mac/mkl/lib -lmkl_intel_lp64 -lmkl_sequential -lmkl_core -lpthread -lm -ldl 


Determining if the function cblas_zgemm3m exists passed with the following output:
Change Dir: /Users/liy0h/exageostatR/CMakeFiles/CMakeTmp

Run Build Command:"/usr/bin/make" "cmTC_c041d/fast"
make -f CMakeFiles/cmTC_c041d.dir/build.make CMakeFiles/cmTC_c041d.dir/build
Building C object CMakeFiles/cmTC_c041d.dir/CheckFunctionExists.c.o
/Applications/Xcode.app/Contents/Developer/Toolchains/XcodeDefault.xctoolchain/usr/bin/cc   -DCHECK_FUNCTION_EXISTS=cblas_zgemm3m -isysroot /Applications/Xcode.app/Contents/Developer/Platforms/MacOSX.platform/Developer/SDKs/MacOSX10.14.sdk   -o CMakeFiles/cmTC_c041d.dir/CheckFunctionExists.c.o   -c /usr/local/share/cmake-3.10/Modules/CheckFunctionExists.c
Linking C executable cmTC_c041d
/usr/local/bin/cmake -E cmake_link_script CMakeFiles/cmTC_c041d.dir/link.txt --verbose=1
/Applications/Xcode.app/Contents/Developer/Toolchains/XcodeDefault.xctoolchain/usr/bin/cc  -DCHECK_FUNCTION_EXISTS=cblas_zgemm3m -isysroot /Applications/Xcode.app/Contents/Developer/Platforms/MacOSX.platform/Developer/SDKs/MacOSX10.14.sdk -Wl,-search_paths_first -Wl,-headerpad_max_install_names   CMakeFiles/cmTC_c041d.dir/CheckFunctionExists.c.o  -o cmTC_c041d -L/opt/intel/compilers_and_libraries_2019.3.199/mac/mkl/lib -Wl,-rpath,/opt/intel/compilers_and_libraries_2019.3.199/mac/mkl/lib -lmkl_intel_lp64 -lmkl_sequential -lmkl_core -lpthread -lm -ldl 


Determining if the function cheev_ exists passed with the following output:
Change Dir: /Users/liy0h/exageostatR/CMakeFiles/CMakeTmp

Run Build Command:"/usr/bin/make" "cmTC_cf327/fast"
make -f CMakeFiles/cmTC_cf327.dir/build.make CMakeFiles/cmTC_cf327.dir/build
Building C object CMakeFiles/cmTC_cf327.dir/CheckFunctionExists.c.o
/Applications/Xcode.app/Contents/Developer/Toolchains/XcodeDefault.xctoolchain/usr/bin/cc   -DCHECK_FUNCTION_EXISTS=cheev_ -isysroot /Applications/Xcode.app/Contents/Developer/Platforms/MacOSX.platform/Developer/SDKs/MacOSX10.14.sdk   -o CMakeFiles/cmTC_cf327.dir/CheckFunctionExists.c.o   -c /usr/local/share/cmake-3.10/Modules/CheckFunctionExists.c
Linking C executable cmTC_cf327
/usr/local/bin/cmake -E cmake_link_script CMakeFiles/cmTC_cf327.dir/link.txt --verbose=1
/Applications/Xcode.app/Contents/Developer/Toolchains/XcodeDefault.xctoolchain/usr/bin/cc  -DCHECK_FUNCTION_EXISTS=cheev_ -isysroot /Applications/Xcode.app/Contents/Developer/Platforms/MacOSX.platform/Developer/SDKs/MacOSX10.14.sdk -Wl,-search_paths_first -Wl,-headerpad_max_install_names   CMakeFiles/cmTC_cf327.dir/CheckFunctionExists.c.o  -o cmTC_cf327 -L/opt/intel/compilers_and_libraries_2019.3.199/mac/mkl/lib -Wl,-rpath,/opt/intel/compilers_and_libraries_2019.3.199/mac/mkl/lib -lmkl_intel_lp64 -lmkl_sequential -lmkl_core -lpthread -lm -ldl -lm -ldl 


Determining if the function LAPACKE_dgeqrf exists passed with the following output:
Change Dir: /Users/liy0h/exageostatR/CMakeFiles/CMakeTmp

Run Build Command:"/usr/bin/make" "cmTC_fb8b6/fast"
make -f CMakeFiles/cmTC_fb8b6.dir/build.make CMakeFiles/cmTC_fb8b6.dir/build
Building C object CMakeFiles/cmTC_fb8b6.dir/CheckFunctionExists.c.o
/Applications/Xcode.app/Contents/Developer/Toolchains/XcodeDefault.xctoolchain/usr/bin/cc   -DCHECK_FUNCTION_EXISTS=LAPACKE_dgeqrf -isysroot /Applications/Xcode.app/Contents/Developer/Platforms/MacOSX.platform/Developer/SDKs/MacOSX10.14.sdk   -o CMakeFiles/cmTC_fb8b6.dir/CheckFunctionExists.c.o   -c /usr/local/share/cmake-3.10/Modules/CheckFunctionExists.c
Linking C executable cmTC_fb8b6
/usr/local/bin/cmake -E cmake_link_script CMakeFiles/cmTC_fb8b6.dir/link.txt --verbose=1
/Applications/Xcode.app/Contents/Developer/Toolchains/XcodeDefault.xctoolchain/usr/bin/cc  -DCHECK_FUNCTION_EXISTS=LAPACKE_dgeqrf -isysroot /Applications/Xcode.app/Contents/Developer/Platforms/MacOSX.platform/Developer/SDKs/MacOSX10.14.sdk -Wl,-search_paths_first -Wl,-headerpad_max_install_names   CMakeFiles/cmTC_fb8b6.dir/CheckFunctionExists.c.o  -o cmTC_fb8b6 -L/opt/intel/compilers_and_libraries_2019.3.199/mac/mkl/lib -Wl,-rpath,/opt/intel/compilers_and_libraries_2019.3.199/mac/mkl/lib -lmkl_intel_lp64 -lmkl_sequential -lmkl_core -lpthread -lm -ldl 


Performing C SOURCE FILE Test HAVE_HWLOC_PARENT_MEMBER succeeded with the following output:
Change Dir: /Users/liy0h/exageostatR/CMakeFiles/CMakeTmp

Run Build Command:"/usr/bin/make" "cmTC_efbcd/fast"
make -f CMakeFiles/cmTC_efbcd.dir/build.make CMakeFiles/cmTC_efbcd.dir/build
Building C object CMakeFiles/cmTC_efbcd.dir/src.c.o
/Applications/Xcode.app/Contents/Developer/Toolchains/XcodeDefault.xctoolchain/usr/bin/cc  -I/Library/Frameworks/R.framework/Versions/4.0/Resources/library/00LOCK-exageostatR/00new/exageostatr/include -I/opt/local/include/libxml2  -DHAVE_HWLOC_PARENT_MEMBER -isysroot /Applications/Xcode.app/Contents/Developer/Platforms/MacOSX.platform/Developer/SDKs/MacOSX10.14.sdk   -o CMakeFiles/cmTC_efbcd.dir/src.c.o   -c /Users/liy0h/exageostatR/CMakeFiles/CMakeTmp/src.c
Linking C executable cmTC_efbcd
/usr/local/bin/cmake -E cmake_link_script CMakeFiles/cmTC_efbcd.dir/link.txt --verbose=1
/Applications/Xcode.app/Contents/Developer/Toolchains/XcodeDefault.xctoolchain/usr/bin/cc  -DHAVE_HWLOC_PARENT_MEMBER -isysroot /Applications/Xcode.app/Contents/Developer/Platforms/MacOSX.platform/Developer/SDKs/MacOSX10.14.sdk -Wl,-search_paths_first -Wl,-headerpad_max_install_names   CMakeFiles/cmTC_efbcd.dir/src.c.o  -o cmTC_efbcd 

Source file was:

#include <hwloc.h>

int main()
{
   (void)sizeof(((struct hwloc_obj *)0)->parent);
   return 0;
}

Performing C SOURCE FILE Test HAVE_HWLOC_CACHE_ATTR succeeded with the following output:
Change Dir: /Users/liy0h/exageostatR/CMakeFiles/CMakeTmp

Run Build Command:"/usr/bin/make" "cmTC_6a34c/fast"
make -f CMakeFiles/cmTC_6a34c.dir/build.make CMakeFiles/cmTC_6a34c.dir/build
Building C object CMakeFiles/cmTC_6a34c.dir/src.c.o
/Applications/Xcode.app/Contents/Developer/Toolchains/XcodeDefault.xctoolchain/usr/bin/cc  -I/Library/Frameworks/R.framework/Versions/4.0/Resources/library/00LOCK-exageostatR/00new/exageostatr/include -I/opt/local/include/libxml2  -DHAVE_HWLOC_CACHE_ATTR -isysroot /Applications/Xcode.app/Contents/Developer/Platforms/MacOSX.platform/Developer/SDKs/MacOSX10.14.sdk   -o CMakeFiles/cmTC_6a34c.dir/src.c.o   -c /Users/liy0h/exageostatR/CMakeFiles/CMakeTmp/src.c
Linking C executable cmTC_6a34c
/usr/local/bin/cmake -E cmake_link_script CMakeFiles/cmTC_6a34c.dir/link.txt --verbose=1
/Applications/Xcode.app/Contents/Developer/Toolchains/XcodeDefault.xctoolchain/usr/bin/cc  -DHAVE_HWLOC_CACHE_ATTR -isysroot /Applications/Xcode.app/Contents/Developer/Platforms/MacOSX.platform/Developer/SDKs/MacOSX10.14.sdk -Wl,-search_paths_first -Wl,-headerpad_max_install_names   CMakeFiles/cmTC_6a34c.dir/src.c.o  -o cmTC_6a34c 

Source file was:

#include <hwloc.h>

int main()
{
   (void)sizeof(((struct hwloc_cache_attr_s *)0)->size);
   return 0;
}

Performing C SOURCE FILE Test HAVE_HWLOC_OBJ_PU succeeded with the following output:
Change Dir: /Users/liy0h/exageostatR/CMakeFiles/CMakeTmp

Run Build Command:"/usr/bin/make" "cmTC_b6a09/fast"
make -f CMakeFiles/cmTC_b6a09.dir/build.make CMakeFiles/cmTC_b6a09.dir/build
Building C object CMakeFiles/cmTC_b6a09.dir/src.c.o
/Applications/Xcode.app/Contents/Developer/Toolchains/XcodeDefault.xctoolchain/usr/bin/cc  -I/Library/Frameworks/R.framework/Versions/4.0/Resources/library/00LOCK-exageostatR/00new/exageostatr/include -I/opt/local/include/libxml2  -DHAVE_HWLOC_OBJ_PU -isysroot /Applications/Xcode.app/Contents/Developer/Platforms/MacOSX.platform/Developer/SDKs/MacOSX10.14.sdk   -o CMakeFiles/cmTC_b6a09.dir/src.c.o   -c /Users/liy0h/exageostatR/CMakeFiles/CMakeTmp/src.c
Linking C executable cmTC_b6a09
/usr/local/bin/cmake -E cmake_link_script CMakeFiles/cmTC_b6a09.dir/link.txt --verbose=1
/Applications/Xcode.app/Contents/Developer/Toolchains/XcodeDefault.xctoolchain/usr/bin/cc  -DHAVE_HWLOC_OBJ_PU -isysroot /Applications/Xcode.app/Contents/Developer/Platforms/MacOSX.platform/Developer/SDKs/MacOSX10.14.sdk -Wl,-search_paths_first -Wl,-headerpad_max_install_names   CMakeFiles/cmTC_b6a09.dir/src.c.o  -o cmTC_b6a09 

Source file was:
#include <hwloc.h>
	    int main(void) { hwloc_obj_t o; o->type = HWLOC_OBJ_PU; return 0;}
Determining if the function starpu_data_idle_prefetch_on_node exists passed with the following output:
Change Dir: /Users/liy0h/exageostatR/CMakeFiles/CMakeTmp

Run Build Command:"/usr/bin/make" "cmTC_3ea00/fast"
make -f CMakeFiles/cmTC_3ea00.dir/build.make CMakeFiles/cmTC_3ea00.dir/build
Building C object CMakeFiles/cmTC_3ea00.dir/CheckFunctionExists.c.o
/Applications/Xcode.app/Contents/Developer/Toolchains/XcodeDefault.xctoolchain/usr/bin/cc  -I/Library/Frameworks/R.framework/Versions/4.0/Resources/library/00LOCK-exageostatR/00new/exageostatr/include/starpu/1.2 -I/Library/Frameworks/R.framework/Versions/4.0/Resources/library/00LOCK-exageostatR/00new/exageostatr/include -I/opt/local/include/libxml2  -DCHECK_FUNCTION_EXISTS=starpu_data_idle_prefetch_on_node -L/Library/Frameworks/R.framework/Versions/4.0/Resources/library/00LOCK-exageostatR/00new/exageostatr/lib -isysroot /Applications/Xcode.app/Contents/Developer/Platforms/MacOSX.platform/Developer/SDKs/MacOSX10.14.sdk   -o CMakeFiles/cmTC_3ea00.dir/CheckFunctionExists.c.o   -c /usr/local/share/cmake-3.10/Modules/CheckFunctionExists.c
clang: warning: argument unused during compilation: '-L/Library/Frameworks/R.framework/Versions/4.0/Resources/library/00LOCK-exageostatR/00new/exageostatr/lib' [-Wunused-command-line-argument]
Linking C executable cmTC_3ea00
/usr/local/bin/cmake -E cmake_link_script CMakeFiles/cmTC_3ea00.dir/link.txt --verbose=1
/Applications/Xcode.app/Contents/Developer/Toolchains/XcodeDefault.xctoolchain/usr/bin/cc  -DCHECK_FUNCTION_EXISTS=starpu_data_idle_prefetch_on_node -L/Library/Frameworks/R.framework/Versions/4.0/Resources/library/00LOCK-exageostatR/00new/exageostatr/lib -isysroot /Applications/Xcode.app/Contents/Developer/Platforms/MacOSX.platform/Developer/SDKs/MacOSX10.14.sdk -Wl,-search_paths_first -Wl,-headerpad_max_install_names   CMakeFiles/cmTC_3ea00.dir/CheckFunctionExists.c.o  -o cmTC_3ea00 -lstarpu-1.2 -lhwloc 


Determining if the function starpu_iteration_push exists passed with the following output:
Change Dir: /Users/liy0h/exageostatR/CMakeFiles/CMakeTmp

Run Build Command:"/usr/bin/make" "cmTC_0fd18/fast"
make -f CMakeFiles/cmTC_0fd18.dir/build.make CMakeFiles/cmTC_0fd18.dir/build
Building C object CMakeFiles/cmTC_0fd18.dir/CheckFunctionExists.c.o
/Applications/Xcode.app/Contents/Developer/Toolchains/XcodeDefault.xctoolchain/usr/bin/cc  -I/Library/Frameworks/R.framework/Versions/4.0/Resources/library/00LOCK-exageostatR/00new/exageostatr/include/starpu/1.2 -I/Library/Frameworks/R.framework/Versions/4.0/Resources/library/00LOCK-exageostatR/00new/exageostatr/include -I/opt/local/include/libxml2  -DCHECK_FUNCTION_EXISTS=starpu_iteration_push -L/Library/Frameworks/R.framework/Versions/4.0/Resources/library/00LOCK-exageostatR/00new/exageostatr/lib -isysroot /Applications/Xcode.app/Contents/Developer/Platforms/MacOSX.platform/Developer/SDKs/MacOSX10.14.sdk   -o CMakeFiles/cmTC_0fd18.dir/CheckFunctionExists.c.o   -c /usr/local/share/cmake-3.10/Modules/CheckFunctionExists.c
clang: warning: argument unused during compilation: '-L/Library/Frameworks/R.framework/Versions/4.0/Resources/library/00LOCK-exageostatR/00new/exageostatr/lib' [-Wunused-command-line-argument]
Linking C executable cmTC_0fd18
/usr/local/bin/cmake -E cmake_link_script CMakeFiles/cmTC_0fd18.dir/link.txt --verbose=1
/Applications/Xcode.app/Contents/Developer/Toolchains/XcodeDefault.xctoolchain/usr/bin/cc  -DCHECK_FUNCTION_EXISTS=starpu_iteration_push -L/Library/Frameworks/R.framework/Versions/4.0/Resources/library/00LOCK-exageostatR/00new/exageostatr/lib -isysroot /Applications/Xcode.app/Contents/Developer/Platforms/MacOSX.platform/Developer/SDKs/MacOSX10.14.sdk -Wl,-search_paths_first -Wl,-headerpad_max_install_names   CMakeFiles/cmTC_0fd18.dir/CheckFunctionExists.c.o  -o cmTC_0fd18 -lstarpu-1.2 -lhwloc 


Determining if the function starpu_data_wont_use exists passed with the following output:
Change Dir: /Users/liy0h/exageostatR/CMakeFiles/CMakeTmp

Run Build Command:"/usr/bin/make" "cmTC_5a520/fast"
make -f CMakeFiles/cmTC_5a520.dir/build.make CMakeFiles/cmTC_5a520.dir/build
Building C object CMakeFiles/cmTC_5a520.dir/CheckFunctionExists.c.o
/Applications/Xcode.app/Contents/Developer/Toolchains/XcodeDefault.xctoolchain/usr/bin/cc  -I/Library/Frameworks/R.framework/Versions/4.0/Resources/library/00LOCK-exageostatR/00new/exageostatr/include/starpu/1.2 -I/Library/Frameworks/R.framework/Versions/4.0/Resources/library/00LOCK-exageostatR/00new/exageostatr/include -I/opt/local/include/libxml2  -DCHECK_FUNCTION_EXISTS=starpu_data_wont_use -L/Library/Frameworks/R.framework/Versions/4.0/Resources/library/00LOCK-exageostatR/00new/exageostatr/lib -isysroot /Applications/Xcode.app/Contents/Developer/Platforms/MacOSX.platform/Developer/SDKs/MacOSX10.14.sdk   -o CMakeFiles/cmTC_5a520.dir/CheckFunctionExists.c.o   -c /usr/local/share/cmake-3.10/Modules/CheckFunctionExists.c
clang: warning: argument unused during compilation: '-L/Library/Frameworks/R.framework/Versions/4.0/Resources/library/00LOCK-exageostatR/00new/exageostatr/lib' [-Wunused-command-line-argument]
Linking C executable cmTC_5a520
/usr/local/bin/cmake -E cmake_link_script CMakeFiles/cmTC_5a520.dir/link.txt --verbose=1
/Applications/Xcode.app/Contents/Developer/Toolchains/XcodeDefault.xctoolchain/usr/bin/cc  -DCHECK_FUNCTION_EXISTS=starpu_data_wont_use -L/Library/Frameworks/R.framework/Versions/4.0/Resources/library/00LOCK-exageostatR/00new/exageostatr/lib -isysroot /Applications/Xcode.app/Contents/Developer/Platforms/MacOSX.platform/Developer/SDKs/MacOSX10.14.sdk -Wl,-search_paths_first -Wl,-headerpad_max_install_names   CMakeFiles/cmTC_5a520.dir/CheckFunctionExists.c.o  -o cmTC_5a520 -lstarpu-1.2 -lhwloc 


Determining if the function starpu_data_set_coordinates exists passed with the following output:
Change Dir: /Users/liy0h/exageostatR/CMakeFiles/CMakeTmp

Run Build Command:"/usr/bin/make" "cmTC_b24d8/fast"
make -f CMakeFiles/cmTC_b24d8.dir/build.make CMakeFiles/cmTC_b24d8.dir/build
Building C object CMakeFiles/cmTC_b24d8.dir/CheckFunctionExists.c.o
/Applications/Xcode.app/Contents/Developer/Toolchains/XcodeDefault.xctoolchain/usr/bin/cc  -I/Library/Frameworks/R.framework/Versions/4.0/Resources/library/00LOCK-exageostatR/00new/exageostatr/include/starpu/1.2 -I/Library/Frameworks/R.framework/Versions/4.0/Resources/library/00LOCK-exageostatR/00new/exageostatr/include -I/opt/local/include/libxml2  -DCHECK_FUNCTION_EXISTS=starpu_data_set_coordinates -L/Library/Frameworks/R.framework/Versions/4.0/Resources/library/00LOCK-exageostatR/00new/exageostatr/lib -isysroot /Applications/Xcode.app/Contents/Developer/Platforms/MacOSX.platform/Developer/SDKs/MacOSX10.14.sdk   -o CMakeFiles/cmTC_b24d8.dir/CheckFunctionExists.c.o   -c /usr/local/share/cmake-3.10/Modules/CheckFunctionExists.c
clang: warning: argument unused during compilation: '-L/Library/Frameworks/R.framework/Versions/4.0/Resources/library/00LOCK-exageostatR/00new/exageostatr/lib' [-Wunused-command-line-argument]
Linking C executable cmTC_b24d8
/usr/local/bin/cmake -E cmake_link_script CMakeFiles/cmTC_b24d8.dir/link.txt --verbose=1
/Applications/Xcode.app/Contents/Developer/Toolchains/XcodeDefault.xctoolchain/usr/bin/cc  -DCHECK_FUNCTION_EXISTS=starpu_data_set_coordinates -L/Library/Frameworks/R.framework/Versions/4.0/Resources/library/00LOCK-exageostatR/00new/exageostatr/lib -isysroot /Applications/Xcode.app/Contents/Developer/Platforms/MacOSX.platform/Developer/SDKs/MacOSX10.14.sdk -Wl,-search_paths_first -Wl,-headerpad_max_install_names   CMakeFiles/cmTC_b24d8.dir/CheckFunctionExists.c.o  -o cmTC_b24d8 -lstarpu-1.2 -lhwloc 


Determining if the function starpu_malloc_on_node_set_default_flags exists passed with the following output:
Change Dir: /Users/liy0h/exageostatR/CMakeFiles/CMakeTmp

Run Build Command:"/usr/bin/make" "cmTC_c9136/fast"
make -f CMakeFiles/cmTC_c9136.dir/build.make CMakeFiles/cmTC_c9136.dir/build
Building C object CMakeFiles/cmTC_c9136.dir/CheckFunctionExists.c.o
/Applications/Xcode.app/Contents/Developer/Toolchains/XcodeDefault.xctoolchain/usr/bin/cc  -I/Library/Frameworks/R.framework/Versions/4.0/Resources/library/00LOCK-exageostatR/00new/exageostatr/include/starpu/1.2 -I/Library/Frameworks/R.framework/Versions/4.0/Resources/library/00LOCK-exageostatR/00new/exageostatr/include -I/opt/local/include/libxml2  -DCHECK_FUNCTION_EXISTS=starpu_malloc_on_node_set_default_flags -L/Library/Frameworks/R.framework/Versions/4.0/Resources/library/00LOCK-exageostatR/00new/exageostatr/lib -isysroot /Applications/Xcode.app/Contents/Developer/Platforms/MacOSX.platform/Developer/SDKs/MacOSX10.14.sdk   -o CMakeFiles/cmTC_c9136.dir/CheckFunctionExists.c.o   -c /usr/local/share/cmake-3.10/Modules/CheckFunctionExists.c
clang: warning: argument unused during compilation: '-L/Library/Frameworks/R.framework/Versions/4.0/Resources/library/00LOCK-exageostatR/00new/exageostatr/lib' [-Wunused-command-line-argument]
Linking C executable cmTC_c9136
/usr/local/bin/cmake -E cmake_link_script CMakeFiles/cmTC_c9136.dir/link.txt --verbose=1
/Applications/Xcode.app/Contents/Developer/Toolchains/XcodeDefault.xctoolchain/usr/bin/cc  -DCHECK_FUNCTION_EXISTS=starpu_malloc_on_node_set_default_flags -L/Library/Frameworks/R.framework/Versions/4.0/Resources/library/00LOCK-exageostatR/00new/exageostatr/lib -isysroot /Applications/Xcode.app/Contents/Developer/Platforms/MacOSX.platform/Developer/SDKs/MacOSX10.14.sdk -Wl,-search_paths_first -Wl,-headerpad_max_install_names   CMakeFiles/cmTC_c9136.dir/CheckFunctionExists.c.o  -o cmTC_c9136 -lstarpu-1.2 -lhwloc 


